\BOOKMARK [1][-]{section.1}{Introduction}{}% 1
\BOOKMARK [2][-]{subsection.1.1}{Prior Work}{section.1}% 2
\BOOKMARK [2][-]{subsection.1.2}{Complementarity Constraints}{section.1}% 3
\BOOKMARK [2][-]{subsection.1.3}{Model Predictive Control}{section.1}% 4
\BOOKMARK [2][-]{subsection.1.4}{Family of Modes}{section.1}% 5
\BOOKMARK [2][-]{subsection.1.5}{Nomenclature}{section.1}% 6
\BOOKMARK [2][-]{subsection.1.6}{Sequential Properties}{section.1}% 7
\BOOKMARK [1][-]{section.2}{My Work. TODO: Change name}{}% 8
\BOOKMARK [2][-]{subsection.2.1}{Chameleon Mode}{section.2}% 9
\BOOKMARK [2][-]{subsection.2.2}{Simulation Interface}{section.2}% 10
\BOOKMARK [2][-]{subsection.2.3}{Systematic Protocol to Choose the Modes of the Family}{section.2}% 11
\BOOKMARK [1][-]{section.3}{Experiments}{}% 12
\BOOKMARK [1][-]{section.4}{TODO stuff}{}% 13
\BOOKMARK [1][-]{section.5}{Adding the MAMME cover page to your document}{}% 14
\BOOKMARK [1][-]{section.6}{Environments}{}% 15
\BOOKMARK [2][-]{subsection.6.1}{Theorem-like environments}{section.6}% 16
\BOOKMARK [2][-]{subsection.6.2}{Definition-like environments}{section.6}% 17
\BOOKMARK [2][-]{subsection.6.3}{Remark-like environments}{section.6}% 18
\BOOKMARK [1][-]{section.7}{Figures}{}% 19
\BOOKMARK [1][-]{section.8}{Mathematics and packages}{}% 20
\BOOKMARK [1][-]{section.9}{Bibliography}{}% 21
\BOOKMARK [1][-]{appendix.A}{Title of the appendix}{}% 22
\BOOKMARK [1][-]{appendix.B}{Title of the appendix}{}% 23
