This is pdfTeX, Version 3.1415926-2.5-1.40.14 (TeX Live 2013/Debian) (format=pdflatex 2017.1.30)  2 MAY 2017 03:32
entering extended mode
 restricted \write18 enabled.
 %&-line parsing enabled.
**TFGEudaldRomo.tex
(./TFGEudaldRomo.tex
LaTeX2e <2011/06/27>
Babel <3.9h> and hyphenation patterns for 4 languages loaded.
(./TFG-GM.cls (/usr/share/texlive/texmf-dist/tex/latex/base/article.cls
Document Class: article 2007/10/19 v1.4h Standard LaTeX document class
(/usr/share/texlive/texmf-dist/tex/latex/base/size11.clo
File: size11.clo 2007/10/19 v1.4h Standard LaTeX file (size option)
)
\c@part=\count79
\c@section=\count80
\c@subsection=\count81
\c@subsubsection=\count82
\c@paragraph=\count83
\c@subparagraph=\count84
\c@figure=\count85
\c@table=\count86
\abovecaptionskip=\skip41
\belowcaptionskip=\skip42
\bibindent=\dimen102
)

LaTeX Warning: You have requested document class `TFG-GM',
               but the document class provides `reportsascm'.

Document Class: reportsascm 2014/06/25 Estil de la revista reportsascm
(/usr/share/texmf/tex/latex/xcolor/xcolor.sty
Package: xcolor 2007/01/21 v2.11 LaTeX color extensions (UK)

(/usr/share/texlive/texmf-dist/tex/latex/latexconfig/color.cfg
File: color.cfg 2007/01/18 v1.5 color configuration of teTeX/TeXLive
)
Package xcolor Info: Driver file: pdftex.def on input line 225.

(/usr/share/texlive/texmf-dist/tex/latex/pdftex-def/pdftex.def
File: pdftex.def 2011/05/27 v0.06d Graphics/color for pdfTeX

(/usr/share/texlive/texmf-dist/tex/generic/oberdiek/infwarerr.sty
Package: infwarerr 2010/04/08 v1.3 Providing info/warning/error messages (HO)
)
(/usr/share/texlive/texmf-dist/tex/generic/oberdiek/ltxcmds.sty
Package: ltxcmds 2011/11/09 v1.22 LaTeX kernel commands for general use (HO)
)
\Gread@gobject=\count87
)
Package xcolor Info: Model `cmy' substituted by `cmy0' on input line 1337.
Package xcolor Info: Model `hsb' substituted by `rgb' on input line 1341.
Package xcolor Info: Model `RGB' extended on input line 1353.
Package xcolor Info: Model `HTML' substituted by `rgb' on input line 1355.
Package xcolor Info: Model `Hsb' substituted by `hsb' on input line 1356.
Package xcolor Info: Model `tHsb' substituted by `hsb' on input line 1357.
Package xcolor Info: Model `HSB' substituted by `hsb' on input line 1358.
Package xcolor Info: Model `Gray' substituted by `gray' on input line 1359.
Package xcolor Info: Model `wave' substituted by `hsb' on input line 1360.
)
(/usr/share/texlive/texmf-dist/tex/latex/graphics/graphicx.sty
Package: graphicx 1999/02/16 v1.0f Enhanced LaTeX Graphics (DPC,SPQR)

(/usr/share/texlive/texmf-dist/tex/latex/graphics/keyval.sty
Package: keyval 1999/03/16 v1.13 key=value parser (DPC)
\KV@toks@=\toks14
)
(/usr/share/texlive/texmf-dist/tex/latex/graphics/graphics.sty
Package: graphics 2009/02/05 v1.0o Standard LaTeX Graphics (DPC,SPQR)

(/usr/share/texlive/texmf-dist/tex/latex/graphics/trig.sty
Package: trig 1999/03/16 v1.09 sin cos tan (DPC)
)
(/usr/share/texlive/texmf-dist/tex/latex/latexconfig/graphics.cfg
File: graphics.cfg 2010/04/23 v1.9 graphics configuration of TeX Live
)
Package graphics Info: Driver file: pdftex.def on input line 91.
)
\Gin@req@height=\dimen103
\Gin@req@width=\dimen104
)
(/usr/share/texlive/texmf-dist/tex/latex/hyperref/hyperref.sty
Package: hyperref 2012/11/06 v6.83m Hypertext links for LaTeX

(/usr/share/texlive/texmf-dist/tex/generic/oberdiek/hobsub-hyperref.sty
Package: hobsub-hyperref 2012/05/28 v1.13 Bundle oberdiek, subset hyperref (HO)


(/usr/share/texlive/texmf-dist/tex/generic/oberdiek/hobsub-generic.sty
Package: hobsub-generic 2012/05/28 v1.13 Bundle oberdiek, subset generic (HO)
Package: hobsub 2012/05/28 v1.13 Construct package bundles (HO)
Package hobsub Info: Skipping package `infwarerr' (already loaded).
Package hobsub Info: Skipping package `ltxcmds' (already loaded).
Package: ifluatex 2010/03/01 v1.3 Provides the ifluatex switch (HO)
Package ifluatex Info: LuaTeX not detected.
Package: ifvtex 2010/03/01 v1.5 Detect VTeX and its facilities (HO)
Package ifvtex Info: VTeX not detected.
Package: intcalc 2007/09/27 v1.1 Expandable calculations with integers (HO)
Package: ifpdf 2011/01/30 v2.3 Provides the ifpdf switch (HO)
Package ifpdf Info: pdfTeX in PDF mode is detected.
Package: etexcmds 2011/02/16 v1.5 Avoid name clashes with e-TeX commands (HO)
Package etexcmds Info: Could not find \expanded.
(etexcmds)             That can mean that you are not using pdfTeX 1.50 or
(etexcmds)             that some package has redefined \expanded.
(etexcmds)             In the latter case, load this package earlier.
Package: kvsetkeys 2012/04/25 v1.16 Key value parser (HO)
Package: kvdefinekeys 2011/04/07 v1.3 Define keys (HO)
Package: pdftexcmds 2011/11/29 v0.20 Utility functions of pdfTeX for LuaTeX (HO
)
Package pdftexcmds Info: LuaTeX not detected.
Package pdftexcmds Info: \pdf@primitive is available.
Package pdftexcmds Info: \pdf@ifprimitive is available.
Package pdftexcmds Info: \pdfdraftmode found.
Package: pdfescape 2011/11/25 v1.13 Implements pdfTeX's escape features (HO)
Package: bigintcalc 2012/04/08 v1.3 Expandable calculations on big integers (HO
)
Package: bitset 2011/01/30 v1.1 Handle bit-vector datatype (HO)
Package: uniquecounter 2011/01/30 v1.2 Provide unlimited unique counter (HO)
)
Package hobsub Info: Skipping package `hobsub' (already loaded).
Package: letltxmacro 2010/09/02 v1.4 Let assignment for LaTeX macros (HO)
Package: hopatch 2012/05/28 v1.2 Wrapper for package hooks (HO)
Package: xcolor-patch 2011/01/30 xcolor patch
Package: atveryend 2011/06/30 v1.8 Hooks at the very end of document (HO)
Package atveryend Info: \enddocument detected (standard20110627).
Package: atbegshi 2011/10/05 v1.16 At begin shipout hook (HO)
Package: refcount 2011/10/16 v3.4 Data extraction from label references (HO)
Package: hycolor 2011/01/30 v1.7 Color options for hyperref/bookmark (HO)
)
(/usr/share/texlive/texmf-dist/tex/generic/ifxetex/ifxetex.sty
Package: ifxetex 2010/09/12 v0.6 Provides ifxetex conditional
)
(/usr/share/texlive/texmf-dist/tex/latex/oberdiek/auxhook.sty
Package: auxhook 2011/03/04 v1.3 Hooks for auxiliary files (HO)
)
(/usr/share/texlive/texmf-dist/tex/latex/oberdiek/kvoptions.sty
Package: kvoptions 2011/06/30 v3.11 Key value format for package options (HO)
)
\@linkdim=\dimen105
\Hy@linkcounter=\count88
\Hy@pagecounter=\count89

(/usr/share/texlive/texmf-dist/tex/latex/hyperref/pd1enc.def
File: pd1enc.def 2012/11/06 v6.83m Hyperref: PDFDocEncoding definition (HO)
)
\Hy@SavedSpaceFactor=\count90

(/usr/share/texlive/texmf-dist/tex/latex/latexconfig/hyperref.cfg
File: hyperref.cfg 2002/06/06 v1.2 hyperref configuration of TeXLive
)
Package hyperref Info: Hyper figures OFF on input line 4443.
Package hyperref Info: Link nesting OFF on input line 4448.
Package hyperref Info: Hyper index ON on input line 4451.
Package hyperref Info: Plain pages OFF on input line 4458.
Package hyperref Info: Backreferencing OFF on input line 4463.
Package hyperref Info: Implicit mode ON; LaTeX internals redefined.
Package hyperref Info: Bookmarks ON on input line 4688.
\c@Hy@tempcnt=\count91

(/usr/share/texlive/texmf-dist/tex/latex/url/url.sty
\Urlmuskip=\muskip10
Package: url 2013/09/16  ver 3.4  Verb mode for urls, etc.
)
LaTeX Info: Redefining \url on input line 5041.
\XeTeXLinkMargin=\dimen106
\Fld@menulength=\count92
\Field@Width=\dimen107
\Fld@charsize=\dimen108
Package hyperref Info: Hyper figures OFF on input line 6295.
Package hyperref Info: Link nesting OFF on input line 6300.
Package hyperref Info: Hyper index ON on input line 6303.
Package hyperref Info: backreferencing OFF on input line 6310.
Package hyperref Info: Link coloring OFF on input line 6315.
Package hyperref Info: Link coloring with OCG OFF on input line 6320.
Package hyperref Info: PDF/A mode OFF on input line 6325.
LaTeX Info: Redefining \ref on input line 6365.
LaTeX Info: Redefining \pageref on input line 6369.
\Hy@abspage=\count93
\c@Item=\count94
\c@Hfootnote=\count95
)

Package hyperref Message: Driver (autodetected): hpdftex.

(/usr/share/texlive/texmf-dist/tex/latex/hyperref/hpdftex.def
File: hpdftex.def 2012/11/06 v6.83m Hyperref driver for pdfTeX
\Fld@listcount=\count96
\c@bookmark@seq@number=\count97

(/usr/share/texlive/texmf-dist/tex/latex/oberdiek/rerunfilecheck.sty
Package: rerunfilecheck 2011/04/15 v1.7 Rerun checks for auxiliary files (HO)
Package uniquecounter Info: New unique counter `rerunfilecheck' on input line 2
82.
)
\Hy@SectionHShift=\skip43
)
(/usr/share/texlive/texmf-dist/tex/latex/lastpage/lastpage.sty
Package: lastpage 2013/01/28 v1.2l Refers to last page's name (HMM; JPG)
) (./sfmath.sty
Package: sfmath 2007/08/27 v0.8 sans serif maths
LaTeX Font Info:    Overwriting symbol font `operators' in version `normal'
(Font)                  OT1/cmr/m/n --> OT1/cmss/m/n on input line 329.
LaTeX Font Info:    Overwriting symbol font `operators' in version `bold'
(Font)                  OT1/cmr/bx/n --> OT1/cmss/bx/n on input line 330.
\symSFMath=\mathgroup4
LaTeX Font Info:    Overwriting symbol font `SFMath' in version `normal'
(Font)                  OT1/cmss/m/sl --> OT1/cmss/m/sl on input line 343.
LaTeX Font Info:    Overwriting symbol font `SFMath' in version `bold'
(Font)                  OT1/cmss/m/sl --> OT1/cmss/bx/n on input line 344.
LaTeX Font Info:    Redeclaring math symbol \imath on input line 398.
LaTeX Font Info:    Redeclaring math symbol \jmath on input line 399.
\symSFMathUp=\mathgroup5
LaTeX Font Info:    Overwriting symbol font `SFMathUp' in version `normal'
(Font)                  OT1/cmss/m/n --> OT1/cmss/m/n on input line 406.
LaTeX Font Info:    Overwriting symbol font `SFMathUp' in version `bold'
(Font)                  OT1/cmss/m/n --> OT1/cmss/bx/n on input line 407.
LaTeX Font Info:    Redeclaring math symbol \ldotp on input line 410.
\symSFMathGreek=\mathgroup6
LaTeX Font Info:    Overwriting symbol font `SFMathGreek' in version `normal'
(Font)                  OT1/cmss/m/n --> OT1/cmss/m/n on input line 419.
LaTeX Font Info:    Overwriting symbol font `SFMathGreek' in version `bold'
(Font)                  OT1/cmss/m/n --> OT1/cmss/bx/n on input line 420.
LaTeX Font Info:    Redeclaring math symbol \Gamma on input line 422.
LaTeX Font Info:    Redeclaring math symbol \Delta on input line 423.
LaTeX Font Info:    Redeclaring math symbol \Theta on input line 424.
LaTeX Font Info:    Redeclaring math symbol \Lambda on input line 425.
LaTeX Font Info:    Redeclaring math symbol \Xi on input line 426.
LaTeX Font Info:    Redeclaring math symbol \Pi on input line 427.
LaTeX Font Info:    Redeclaring math symbol \Sigma on input line 428.
LaTeX Font Info:    Redeclaring math symbol \Upsilon on input line 429.
LaTeX Font Info:    Redeclaring math symbol \Phi on input line 430.
LaTeX Font Info:    Redeclaring math symbol \Psi on input line 431.
LaTeX Font Info:    Redeclaring math symbol \Omega on input line 432.
\symSFMathUpGreek=\mathgroup7
LaTeX Font Info:    Overwriting symbol font `SFMathUpGreek' in version `normal'

(Font)                  OT1/cmss/m/n --> OT1/cmss/m/n on input line 436.
LaTeX Font Info:    Overwriting symbol font `SFMathUpGreek' in version `bold'
(Font)                  OT1/cmss/m/n --> OT1/cmss/bx/n on input line 437.
LaTeX Font Info:    Overwriting math alphabet `\mathnormal' in version `normal'

(Font)                  OML/cmm/m/it --> OT1/cmss/m/sl on input line 446.
LaTeX Font Info:    Overwriting math alphabet `\mathnormal' in version `bold'
(Font)                  OML/cmm/b/it --> OT1/cmss/bx/n on input line 447.
LaTeX Font Info:    Overwriting math alphabet `\mathrm' in version `normal'
(Font)                  OT1/cmss/m/n --> OT1/cmss/m/n on input line 449.
LaTeX Font Info:    Overwriting math alphabet `\mathrm' in version `bold'
(Font)                  OT1/cmss/bx/n --> OT1/cmss/bx/n on input line 450.
LaTeX Font Info:    Overwriting math alphabet `\mathbf' in version `normal'
(Font)                  OT1/cmr/bx/n --> OT1/cmss/bx/n on input line 452.
LaTeX Font Info:    Overwriting math alphabet `\mathbf' in version `bold'
(Font)                  OT1/cmr/bx/n --> OT1/cmss/bx/n on input line 453.
LaTeX Font Info:    Overwriting math alphabet `\mathit' in version `normal'
(Font)                  OT1/cmr/m/it --> OT1/cmss/m/sl on input line 455.
LaTeX Font Info:    Overwriting math alphabet `\mathit' in version `bold'
(Font)                  OT1/cmr/bx/it --> OT1/cmss/m/sl on input line 456.
LaTeX Font Info:    Overwriting math alphabet `\mathsf' in version `normal'
(Font)                  OT1/cmss/m/n --> OT1/cmss/m/n on input line 458.
LaTeX Font Info:    Overwriting math alphabet `\mathsf' in version `bold'
(Font)                  OT1/cmss/bx/n --> OT1/cmss/bx/n on input line 459.
LaTeX Font Info:    Overwriting math alphabet `\mathsl' in version `bold'
(Font)                  OT1/cmss/m/sl --> OT1/cmss/m/sl on input line 466.
)
(/usr/share/texlive/texmf-dist/tex/latex/geometry/geometry.sty
Package: geometry 2010/09/12 v5.6 Page Geometry
\Gm@cnth=\count98
\Gm@cntv=\count99
\c@Gm@tempcnt=\count100
\Gm@bindingoffset=\dimen109
\Gm@wd@mp=\dimen110
\Gm@odd@mp=\dimen111
\Gm@even@mp=\dimen112
\Gm@layoutwidth=\dimen113
\Gm@layoutheight=\dimen114
\Gm@layouthoffset=\dimen115
\Gm@layoutvoffset=\dimen116
\Gm@dimlist=\toks15
)
Package hyperref Info: Option `colorlinks' set `true' on input line 26.
\c@num@utors=\count101
\c@i@autor=\count102

(/usr/share/texlive/texmf-dist/tex/latex/fancyhdr/fancyhdr.sty
\fancy@headwidth=\skip44
\f@ncyO@elh=\skip45
\f@ncyO@erh=\skip46
\f@ncyO@olh=\skip47
\f@ncyO@orh=\skip48
\f@ncyO@elf=\skip49
\f@ncyO@erf=\skip50
\f@ncyO@olf=\skip51
\f@ncyO@orf=\skip52
)
(/usr/share/texlive/texmf-dist/tex/latex/titlesec/titlesec.sty
Package: titlesec 2011/12/15 v2.10.0 Sectioning titles
\ttl@box=\box26
\beforetitleunit=\skip53
\aftertitleunit=\skip54
\ttl@plus=\dimen117
\ttl@minus=\dimen118
\ttl@toksa=\toks16
\titlewidth=\dimen119
\titlewidthlast=\dimen120
\titlewidthfirst=\dimen121
)
(/usr/share/texlive/texmf-dist/tex/latex/tools/multicol.sty
Package: multicol 2011/06/27 v1.7a multicolumn formatting (FMi)
\c@tracingmulticols=\count103
\mult@box=\box27
\multicol@leftmargin=\dimen122
\c@unbalance=\count104
\c@collectmore=\count105
\doublecol@number=\count106
\multicoltolerance=\count107
\multicolpretolerance=\count108
\full@width=\dimen123
\page@free=\dimen124
\premulticols=\dimen125
\postmulticols=\dimen126
\multicolsep=\skip55
\multicolbaselineskip=\skip56
\partial@page=\box28
\last@line=\box29
\mult@rightbox=\box30
\mult@grightbox=\box31
\mult@gfirstbox=\box32
\mult@firstbox=\box33
\@tempa=\box34
\@tempa=\box35
\@tempa=\box36
\@tempa=\box37
\@tempa=\box38
\@tempa=\box39
\@tempa=\box40
\@tempa=\box41
\@tempa=\box42
\@tempa=\box43
\@tempa=\box44
\@tempa=\box45
\@tempa=\box46
\@tempa=\box47
\@tempa=\box48
\@tempa=\box49
\@tempa=\box50
\c@columnbadness=\count109
\c@finalcolumnbadness=\count110
\last@try=\dimen127
\multicolovershoot=\dimen128
\multicolundershoot=\dimen129
\mult@nat@firstbox=\box51
\colbreak@box=\box52
\multicol@sort@counter=\count111
))
(/usr/share/texlive/texmf-dist/tex/latex/etoolbox/etoolbox.sty
Package: etoolbox 2011/01/03 v2.1 e-TeX tools for LaTeX

(/usr/share/texlive/texmf-dist/tex/latex/etex-pkg/etex.sty
Package: etex 1998/03/26 v2.0 eTeX basic definition package (PEB)
\et@xins=\count112
)
\etb@tempcnta=\count113
)
(/usr/share/texlive/texmf-dist/tex/latex/amscls/amsthm.sty
Package: amsthm 2004/08/06 v2.20
\thm@style=\toks17
\thm@bodyfont=\toks18
\thm@headfont=\toks19
\thm@notefont=\toks20
\thm@headpunct=\toks21
\thm@preskip=\skip57
\thm@postskip=\skip58
\thm@headsep=\skip59
\dth@everypar=\toks22
)
(/usr/share/texlive/texmf-dist/tex/latex/amsmath/amsmath.sty
Package: amsmath 2013/01/14 v2.14 AMS math features
\@mathmargin=\skip60

For additional information on amsmath, use the `?' option.
(/usr/share/texlive/texmf-dist/tex/latex/amsmath/amstext.sty
Package: amstext 2000/06/29 v2.01

(/usr/share/texlive/texmf-dist/tex/latex/amsmath/amsgen.sty
File: amsgen.sty 1999/11/30 v2.0
\@emptytoks=\toks23
\ex@=\dimen130
))
(/usr/share/texlive/texmf-dist/tex/latex/amsmath/amsbsy.sty
Package: amsbsy 1999/11/29 v1.2d
\pmbraise@=\dimen131
)
(/usr/share/texlive/texmf-dist/tex/latex/amsmath/amsopn.sty
Package: amsopn 1999/12/14 v2.01 operator names
)
\inf@bad=\count114
LaTeX Info: Redefining \frac on input line 210.
\uproot@=\count115
\leftroot@=\count116
LaTeX Info: Redefining \overline on input line 306.
\classnum@=\count117
\DOTSCASE@=\count118
LaTeX Info: Redefining \ldots on input line 378.
LaTeX Info: Redefining \dots on input line 381.
LaTeX Info: Redefining \cdots on input line 466.
\Mathstrutbox@=\box53
\strutbox@=\box54
\big@size=\dimen132
LaTeX Font Info:    Redeclaring font encoding OML on input line 566.
LaTeX Font Info:    Redeclaring font encoding OMS on input line 567.
\macc@depth=\count119
\c@MaxMatrixCols=\count120
\dotsspace@=\muskip11
\c@parentequation=\count121
\dspbrk@lvl=\count122
\tag@help=\toks24
\row@=\count123
\column@=\count124
\maxfields@=\count125
\andhelp@=\toks25
\eqnshift@=\dimen133
\alignsep@=\dimen134
\tagshift@=\dimen135
\tagwidth@=\dimen136
\totwidth@=\dimen137
\lineht@=\dimen138
\@envbody=\toks26
\multlinegap=\skip61
\multlinetaggap=\skip62
\mathdisplay@stack=\toks27
LaTeX Info: Redefining \[ on input line 2665.
LaTeX Info: Redefining \] on input line 2666.
)
(/usr/share/texlive/texmf-dist/tex/latex/amsfonts/amssymb.sty
Package: amssymb 2013/01/14 v3.01 AMS font symbols

(/usr/share/texlive/texmf-dist/tex/latex/amsfonts/amsfonts.sty
Package: amsfonts 2013/01/14 v3.01 Basic AMSFonts support
\symAMSa=\mathgroup8
\symAMSb=\mathgroup9
LaTeX Font Info:    Overwriting math alphabet `\mathfrak' in version `bold'
(Font)                  U/euf/m/n --> U/euf/b/n on input line 106.
))
(/usr/share/texlive/texmf-dist/tex/latex/amsmath/amscd.sty
Package: amscd 1999/11/29 v2.0
\athelp@=\toks28
\minaw@=\dimen139
\bigaw@=\dimen140
\minCDarrowwidth=\dimen141
)
(/usr/share/texlive/texmf-dist/tex/latex/tools/enumerate.sty
Package: enumerate 1999/03/05 v3.00 enumerate extensions (DPC)
\@enLab=\toks29
)
(/usr/share/texlive/texmf-dist/tex/generic/xypic/xy.sty
(/usr/share/texlive/texmf-dist/tex/generic/xypic/xy.tex Bootstrap'ing:
catcodes, docmode, (/usr/share/texlive/texmf-dist/tex/generic/xypic/xyrecat.tex
) (/usr/share/texlive/texmf-dist/tex/generic/xypic/xyidioms.tex)

 Xy-pic version 3.8.9 <2013/10/06>
 Copyright (c) 1991-2013 by Kristoffer H. Rose <krisrose@tug.org> and others
 Xy-pic is free software: see the User's Guide for details.

Loading kernel: messages; fonts; allocations: state,
\X@c=\dimen142
\Y@c=\dimen143
\U@c=\dimen144
\D@c=\dimen145
\L@c=\dimen146
\R@c=\dimen147
\Edge@c=\toks30
\X@p=\dimen148
\Y@p=\dimen149
\U@p=\dimen150
\D@p=\dimen151
\L@p=\dimen152
\R@p=\dimen153
\Edge@p=\toks31
\X@origin=\dimen154
\Y@origin=\dimen155
\X@xbase=\dimen156
\Y@xbase=\dimen157
\X@ybase=\dimen158
\Y@ybase=\dimen159
\X@min=\dimen160
\Y@min=\dimen161
\X@max=\dimen162
\Y@max=\dimen163
\lastobjectbox@=\box55
\zerodotbox@=\box56
\almostz@=\dimen164
 direction,
\d@X=\dimen165
\d@Y=\dimen166
\K@=\count126
\KK@=\count127
\Direction=\count128
\K@dXdY=\dimen167
\K@dYdX=\dimen168
\xyread@=\read1
\xywrite@=\write3
\csp@=\count129
\quotPTK@=\dimen169

utility macros; pictures: \xy, positions,
\swaptoks@@=\toks32
\connectobjectbox@@=\box57
 objects,
\styletoks@=\toks33
 decorations;
kernel objects: directionals, circles, text; options; algorithms: directions,
edges, connections;  Xy-pic loaded)
Package: xy 2013/10/06 Xy-pic version 3.8.9

(/usr/share/texlive/texmf-dist/tex/generic/xypic/xyall.tex
 Xy-pic option: All features v.3.8
(/usr/share/texlive/texmf-dist/tex/generic/xypic/xycurve.tex
 Xy-pic option: Curve and Spline extension v.3.12 curve,
\crv@cnt@=\count130
\crvpts@=\toks34
\splinebox@=\box58
\splineval@=\dimen170
\splinedepth@=\dimen171
\splinetol@=\dimen172
\splinelength@=\dimen173
 circles,
\L@=\dimen174
 loaded)
(/usr/share/texlive/texmf-dist/tex/generic/xypic/xyframe.tex
 Xy-pic option: Frame and Bracket extension v.3.14 loaded)
(/usr/share/texlive/texmf-dist/tex/generic/xypic/xycmtip.tex
 Xy-pic option: Computer Modern tip extension v.3.7
(/usr/share/texlive/texmf-dist/tex/generic/xypic/xytips.tex
 Xy-pic option: More Tips extension v.3.11 loaded) loaded)
(/usr/share/texlive/texmf-dist/tex/generic/xypic/xyline.tex
 Xy-pic option: Line styles extension v.3.10
\xylinethick@=\dimen175
 loaded)
(/usr/share/texlive/texmf-dist/tex/generic/xypic/xyrotate.tex
 Xy-pic option: Rotate and Scale extension v.3.8 loaded)
(/usr/share/texlive/texmf-dist/tex/generic/xypic/xycolor.tex
 Xy-pic option: Colour extension v.3.11 loaded)
(/usr/share/texlive/texmf-dist/tex/generic/xypic/xymatrix.tex
 Xy-pic option: Matrix feature v.3.14
\Row=\count131
\Col=\count132
\queue@=\toks35
\queue@@=\toks36
\qcount@=\count133
\qcount@@=\count134
\matrixsize@=\count135
 loaded)
(/usr/share/texlive/texmf-dist/tex/generic/xypic/xyarrow.tex
 Xy-pic option: Arrow and Path feature v.3.9 path, \ar, loaded)
(/usr/share/texlive/texmf-dist/tex/generic/xypic/xygraph.tex
 Xy-pic option: Graph feature v.3.11 loaded) loaded)
(/usr/share/texlive/texmf-dist/tex/generic/xypic/xypdf.tex
 Xy-pic option: PDF driver v.1.7 Xy-pic pdf driver: `color' extension support
(/usr/share/texlive/texmf-dist/tex/generic/xypic/xypdf-co.tex loaded)
Xy-pic pdf driver: `curve' extension support
(/usr/share/texlive/texmf-dist/tex/generic/xypic/xypdf-cu.tex loaded)
Xy-pic pdf driver: `frame' extension support
(/usr/share/texlive/texmf-dist/tex/generic/xypic/xypdf-fr.tex loaded)
Xy-pic pdf driver: `line' extension support
(/usr/share/texlive/texmf-dist/tex/generic/xypic/xypdf-li.tex loaded)
Xy-pic pdf driver: `rotate' extension support
(/usr/share/texlive/texmf-dist/tex/generic/xypic/xypdf-ro.tex loaded) loaded))
(/usr/share/texlive/texmf-dist/tex/latex/booktabs/booktabs.sty
Package: booktabs 2005/04/14 v1.61803 publication quality tables
\heavyrulewidth=\dimen176
\lightrulewidth=\dimen177
\cmidrulewidth=\dimen178
\belowrulesep=\dimen179
\belowbottomsep=\dimen180
\aboverulesep=\dimen181
\abovetopsep=\dimen182
\cmidrulesep=\dimen183
\cmidrulekern=\dimen184
\defaultaddspace=\dimen185
\@cmidla=\count136
\@cmidlb=\count137
\@aboverulesep=\dimen186
\@belowrulesep=\dimen187
\@thisruleclass=\count138
\@lastruleclass=\count139
\@thisrulewidth=\dimen188
)
(/usr/share/texlive/texmf-dist/tex/latex/cite/cite.sty
LaTeX Info: Redefining \cite on input line 302.
LaTeX Info: Redefining \nocite on input line 373.
Package: cite 2010/09/10  v 5.3
)
(/usr/share/texlive/texmf-dist/tex/latex/caption/caption.sty
Package: caption 2013/05/02 v3.3-89 Customizing captions (AR)

(/usr/share/texlive/texmf-dist/tex/latex/caption/caption3.sty
Package: caption3 2013/05/02 v1.6-88 caption3 kernel (AR)
Package caption3 Info: TeX engine: e-TeX on input line 57.
\captionmargin=\dimen189
\captionmargin@=\dimen190
\captionwidth=\dimen191
\caption@tempdima=\dimen192
\caption@indent=\dimen193
\caption@parindent=\dimen194
\caption@hangindent=\dimen195
)
\c@ContinuedFloat=\count140
Package caption Info: hyperref package is loaded.
)
(/usr/share/texlive/texmf-dist/tex/latex/algorithms/algorithm.sty
Package: algorithm 2009/08/24 v0.1 Document Style `algorithm' - floating enviro
nment

(/usr/share/texlive/texmf-dist/tex/latex/float/float.sty
Package: float 2001/11/08 v1.3d Float enhancements (AL)
\c@float@type=\count141
\float@exts=\toks37
\float@box=\box59
\@float@everytoks=\toks38
\@floatcapt=\box60
)
(/usr/share/texlive/texmf-dist/tex/latex/base/ifthen.sty
Package: ifthen 2001/05/26 v1.1c Standard LaTeX ifthen package (DPC)
)
\@float@every@algorithm=\toks39
\c@algorithm=\count142
)
(/usr/share/texlive/texmf-dist/tex/latex/algorithmicx/algpseudocode.sty
Package: algpseudocode 

(/usr/share/texlive/texmf-dist/tex/latex/algorithmicx/algorithmicx.sty
Package: algorithmicx 2005/04/27 v1.2 Algorithmicx

Document Style algorithmicx 1.2 - a greatly improved `algorithmic' style
\c@ALG@line=\count143
\c@ALG@rem=\count144
\c@ALG@nested=\count145
\ALG@tlm=\skip63
\ALG@thistlm=\skip64
\c@ALG@Lnr=\count146
\c@ALG@blocknr=\count147
\c@ALG@storecount=\count148
\c@ALG@tmpcounter=\count149
\ALG@tmplength=\skip65
)
Document Style - pseudocode environments for use with the `algorithmicx' style
)
\c@theorem=\count150
 (./TFGEudaldRomo.aux

LaTeX Warning: Label `fig:book' multiply defined.


LaTeX Warning: Label `eq:max_momentum' multiply defined.

)
\openout1 = `TFGEudaldRomo.aux'.

LaTeX Font Info:    Checking defaults for OML/cmm/m/it on input line 67.
LaTeX Font Info:    ... okay on input line 67.
LaTeX Font Info:    Checking defaults for T1/cmr/m/n on input line 67.
LaTeX Font Info:    ... okay on input line 67.
LaTeX Font Info:    Checking defaults for OT1/cmr/m/n on input line 67.
LaTeX Font Info:    ... okay on input line 67.
LaTeX Font Info:    Checking defaults for OMS/cmsy/m/n on input line 67.
LaTeX Font Info:    ... okay on input line 67.
LaTeX Font Info:    Checking defaults for OMX/cmex/m/n on input line 67.
LaTeX Font Info:    ... okay on input line 67.
LaTeX Font Info:    Checking defaults for U/cmr/m/n on input line 67.
LaTeX Font Info:    ... okay on input line 67.
LaTeX Font Info:    Checking defaults for PD1/pdf/m/n on input line 67.
LaTeX Font Info:    ... okay on input line 67.
 (/usr/share/texlive/texmf-dist/tex/context/base/supp-pdf.mkii
[Loading MPS to PDF converter (version 2006.09.02).]
\scratchcounter=\count151
\scratchdimen=\dimen196
\scratchbox=\box61
\nofMPsegments=\count152
\nofMParguments=\count153
\everyMPshowfont=\toks40
\MPscratchCnt=\count154
\MPscratchDim=\dimen197
\MPnumerator=\count155
\makeMPintoPDFobject=\count156
\everyMPtoPDFconversion=\toks41
) (/usr/share/texlive/texmf-dist/tex/latex/oberdiek/epstopdf-base.sty
Package: epstopdf-base 2010/02/09 v2.5 Base part for package epstopdf

(/usr/share/texlive/texmf-dist/tex/latex/oberdiek/grfext.sty
Package: grfext 2010/08/19 v1.1 Manage graphics extensions (HO)
)
Package grfext Info: Graphics extension search list:
(grfext)             [.png,.pdf,.jpg,.mps,.jpeg,.jbig2,.jb2,.PNG,.PDF,.JPG,.JPE
G,.JBIG2,.JB2,.eps]
(grfext)             \AppendGraphicsExtensions on input line 452.

(/usr/share/texlive/texmf-dist/tex/latex/latexconfig/epstopdf-sys.cfg
File: epstopdf-sys.cfg 2010/07/13 v1.3 Configuration of (r)epstopdf for TeX Liv
e
))
\AtBeginShipoutBox=\box62
Package hyperref Info: Link coloring ON on input line 67.

(/usr/share/texlive/texmf-dist/tex/latex/hyperref/nameref.sty
Package: nameref 2012/10/27 v2.43 Cross-referencing by name of section

(/usr/share/texlive/texmf-dist/tex/generic/oberdiek/gettitlestring.sty
Package: gettitlestring 2010/12/03 v1.4 Cleanup title references (HO)
)
\c@section@level=\count157
)
LaTeX Info: Redefining \ref on input line 67.
LaTeX Info: Redefining \pageref on input line 67.
LaTeX Info: Redefining \nameref on input line 67.

(./TFGEudaldRomo.out) (./TFGEudaldRomo.out)
\@outlinefile=\write4
\openout4 = `TFGEudaldRomo.out'.

Package lastpage Info: Please have a look at the pageslts package at
(lastpage)             http://www.ctan.org/tex-archive/ 
(lastpage)             macros/latex/contrib/pageslts/ 
(lastpage)             or
(lastpage)             http://www.ctan.org/tex-archive/ 
(lastpage)             install/macros/latex/contrib/pageslts.tds.zip
(lastpage)             ! on input line 67.

*geometry* driver: auto-detecting
*geometry* detected driver: pdftex
*geometry* verbose mode - [ preamble ] result:
* driver: pdftex
* paper: a4paper
* layout: <same size as paper>
* layoutoffset:(h,v)=(0.0pt,0.0pt)
* modes: includehead includefoot twoside 
* h-part:(L,W,R)=(56.9055pt, 483.69687pt, 56.9055pt)
* v-part:(T,H,B)=(51.21495pt, 742.61694pt, 51.21495pt)
* \paperwidth=597.50787pt
* \paperheight=845.04684pt
* \textwidth=483.69687pt
* \textheight=631.65121pt
* \oddsidemargin=-15.36449pt
* \evensidemargin=-15.36449pt
* \topmargin=-21.05504pt
* \headheight=68.2866pt
* \headsep=0.0pt
* \topskip=11.0pt
* \footskip=42.67912pt
* \marginparwidth=113.0pt
* \marginparsep=10.0pt
* \columnsep=10.0pt
* \skip\footins=10.0pt plus 4.0pt minus 2.0pt
* \hoffset=0.0pt
* \voffset=0.0pt
* \mag=1000
* \@twocolumnfalse
* \@twosidetrue
* \@mparswitchtrue
* \@reversemarginfalse
* (1in=72.27pt=25.4mm, 1cm=28.453pt)

LaTeX Font Info:    Try loading font information for U+msa on input line 67.
(/usr/share/texlive/texmf-dist/tex/latex/amsfonts/umsa.fd
File: umsa.fd 2013/01/14 v3.01 AMS symbols A
)
LaTeX Font Info:    Try loading font information for U+msb on input line 67.

(/usr/share/texlive/texmf-dist/tex/latex/amsfonts/umsb.fd
File: umsb.fd 2013/01/14 v3.01 AMS symbols B
)
Package xypdf Info: Line width: 0.43799pt on input line 67.
Package caption Info: Begin \AtBeginDocument code.
Package caption Info: float package is loaded.
Package caption Info: End \AtBeginDocument code.
 [1

{/var/lib/texmf/fonts/map/pdftex/updmap/pdftex.map}] [2] [3] [4]

LaTeX Font Warning: Font shape `OT1/cmss/m/it' in size <10.95> not available
(Font)              Font shape `OT1/cmss/m/sl' tried instead on input line 70.

pdfTeX warning (ext4): destination with the same identifier (name{page.1}) has 
been already used, duplicate ignored
<to be read again> 
                   \relax 
l.70 
      [1

]
Missing character: There is no ‚ in font cmss10!
Missing character: There is no Ä in font cmss10!
Missing character: There is no ì in font cmss10!
Missing character: There is no ‚ in font cmss10!
Missing character: There is no Ä in font cmss10!
Missing character: There is no ì in font cmss10!
pdfTeX warning (ext4): destination with the same identifier (name{page.2}) has 
been already used, duplicate ignored
<to be read again> 
                   \relax 
l.96 \begin{itemize}
                     [2]
LaTeX Font Info:    Try loading font information for OMS+cmss on input line 97.

LaTeX Font Info:    No file OMScmss.fd. on input line 97.


LaTeX Font Warning: Font shape `OMS/cmss/m/n' undefined
(Font)              using `OMS/cmsy/m/n' instead
(Font)              for symbol `textbullet' on input line 97.

<ManipulationBook.pdf, id=176, 361.35pt x 122.11723pt>
File: ManipulationBook.pdf Graphic file (type pdf)

<use ManipulationBook.pdf>
Package pdftex.def Info: ManipulationBook.pdf used on input line 113.
(pdftex.def)             Requested size: 455.24408pt x 153.84988pt.
pdfTeX warning (ext4): destination with the same identifier (name{page.3}) has 
been already used, duplicate ignored
<to be read again> 
                   \relax 
l.123 \begin{itemize}
                      [3]

LaTeX Font Warning: Font shape `OT1/cmss/bx/it' undefined
(Font)              using `OT1/cmss/bx/n' instead on input line 131.


LaTeX Font Warning: Font shape `OT1/cmss/m/it' in size <8> not available
(Font)              Font shape `OT1/cmss/m/sl' tried instead on input line 134.



LaTeX Font Warning: Font shape `OT1/cmss/m/it' in size <6> not available
(Font)              Font shape `OT1/cmss/m/sl' tried instead on input line 134.


pdfTeX warning (ext4): destination with the same identifier (name{page.4}) has 
been already used, duplicate ignored
<to be read again> 
                   \relax 
l.152 
       [4 <./ManipulationBook.pdf>] [5]
<isotropic_lc.png, id=251, 463.7325pt x 418.56375pt>
File: isotropic_lc.png Graphic file (type png)
 <use isotropic_lc.png>
Package pdftex.def Info: isotropic_lc.png used on input line 198.
(pdftex.def)             Requested size: 284.52756pt x 256.81801pt.

[6 <./isotropic_lc.png>] <general_lc.png, id=265, 714.67pt x 611.28375pt>
File: general_lc.png Graphic file (type png)

<use general_lc.png>
Package pdftex.def Info: general_lc.png used on input line 214.
(pdftex.def)             Requested size: 284.52756pt x 243.3619pt.
 [7 <./general_lc.png>]
<friction_cone.png, id=282, 628.3475pt x 644.4075pt>
File: friction_cone.png Graphic file (type png)
 <use friction_cone.png>
Package pdftex.def Info: friction_cone.png used on input line 275.
(pdftex.def)             Requested size: 284.52756pt x 291.79977pt.

[8]
Underfull \hbox (badness 10000) in paragraph at lines 289--290

 []

[9 <./friction_cone.png>] [10]
<underactuation.jpg, id=306, 1059.96pt x 794.97pt>
File: underactuation.jpg Graphic file (type jpg)
 <use underactuation.jpg>
Package pdftex.def Info: underactuation.jpg used on input line 318.
(pdftex.def)             Requested size: 426.79134pt x 320.09303pt.

[11 <./underactuation.jpg>] <lcp.png, id=318, 460.72125pt x 571.13374pt>
File: lcp.png Graphic file (type png)

<use lcp.png>
Package pdftex.def Info: lcp.png used on input line 352.
(pdftex.def)             Requested size: 284.52756pt x 352.71361pt.
 [12] [13 <./lcp.png>]
<MPC_Tree-eps-converted-to.pdf, id=346, 591.20876pt x 166.6225pt>
File: MPC_Tree-eps-converted-to.pdf Graphic file (type pdf)

<use MPC_Tree-eps-converted-to.pdf>
Package pdftex.def Info: MPC_Tree-eps-converted-to.pdf used on input line 394.
(pdftex.def)             Requested size: 284.52756pt x 80.19145pt.
 [14] [15 <./MPC_Tree-eps-converted-to.pdf>] [16] <seq_cons.png, id=397, 897.35
25pt x 626.34pt>
File: seq_cons.png Graphic file (type png)
 <use seq_cons.png>
Package pdftex.def Info: seq_cons.png used on input line 467.
(pdftex.def)             Requested size: 455.24408pt x 317.7471pt.
 [17]
Underfull \vbox (badness 10000) has occurred while \output is active []

 [18 <./seq_cons.png>]
Underfull \vbox (badness 10000) has occurred while \output is active []

 [19]
<inertial_frame.png, id=440, 657.45625pt x 554.07pt>
File: inertial_frame.png Graphic file (type png)
 <use inertial_frame.png>
Package pdftex.def Info: inertial_frame.png used on input line 574.
(pdftex.def)             Requested size: 284.52756pt x 239.78416pt.

[20] [21 <./inertial_frame.png>]
<ell_limit_surfaces.png, id=461, 557.08125pt x 611.28375pt>
File: ell_limit_surfaces.png Graphic file (type png)

<use ell_limit_surfaces.png>
Package pdftex.def Info: ell_limit_surfaces.png used on input line 616.
(pdftex.def)             Requested size: 284.52756pt x 312.21695pt.

<MotionCone-eps-converted-to.pdf, id=466, 210.7875pt x 219.82124pt>
File: MotionCone-eps-converted-to.pdf Graphic file (type pdf)

<use MotionCone-eps-converted-to.pdf>
Package pdftex.def Info: MotionCone-eps-converted-to.pdf used on input line 636
.
(pdftex.def)             Requested size: 199.16928pt x 207.70868pt.
 [22] [23 <./ell_limit_surfaces.png>]
Underfull \hbox (badness 10000) in paragraph at lines 682--712

 []


Underfull \hbox (badness 10000) in paragraph at lines 682--712

 []


Overfull \hbox (7.03975pt too wide) in paragraph at lines 682--712
[][] \OT1/cmss/m/n/10.95 = [] []$, $[][] = [] []$, $[][] = [] []$ 
 []


Underfull \hbox (badness 10000) in paragraph at lines 682--712

 []


Underfull \hbox (badness 10000) in paragraph at lines 682--712

 []


Underfull \hbox (badness 10000) in paragraph at lines 682--712

 []

[24 <./MotionCone-eps-converted-to.pdf>]
Underfull \hbox (badness 10000) in paragraph at lines 718--721

 []


Underfull \hbox (badness 10000) in paragraph at lines 749--766

 []


Underfull \hbox (badness 10000) in paragraph at lines 749--766

 []


Underfull \hbox (badness 10000) in paragraph at lines 749--766

 []


Underfull \hbox (badness 10000) in paragraph at lines 749--766

 []

[25] [26] [27]
Missing character: There is no ‚ in font cmss10!
Missing character: There is no Ä in font cmss10!
Missing character: There is no ô in font cmss10!
Missing character: There is no ‚ in font cmss10!
Missing character: There is no Ä in font cmss10!
Missing character: There is no ú in font cmss10!
Missing character: There is no ‚ in font cmss10!
Missing character: There is no Ä in font cmss10!
Missing character: There is no ù in font cmss10!
 [28]
<without_nominal_trajectory.jpg, id=575, 1059.96pt x 794.97pt>
File: without_nominal_trajectory.jpg Graphic file (type jpg)

<use without_nominal_trajectory.jpg>
Package pdftex.def Info: without_nominal_trajectory.jpg used on input line 857.

(pdftex.def)             Requested size: 455.24408pt x 341.43015pt.

<without_nominal_local_cost.jpg, id=578, 1861.95625pt x 1004.75375pt>
File: without_nominal_local_cost.jpg Graphic file (type jpg)

<use without_nominal_local_cost.jpg>
Package pdftex.def Info: without_nominal_local_cost.jpg used on input line 864.

(pdftex.def)             Requested size: 455.24408pt x 245.65323pt.
 [29]
Underfull \vbox (badness 4634) has occurred while \output is active []

 [30 <./without_nominal_trajectory.jpg>] [31 <./without_nominal_local_cost.jpg>
]
<non_chameleon.jpg, id=605, 1861.95625pt x 1004.75375pt>
File: non_chameleon.jpg Graphic file (type jpg)

<use non_chameleon.jpg>
Package pdftex.def Info: non_chameleon.jpg used on input line 903.
(pdftex.def)             Requested size: 455.24408pt x 245.65323pt.
 [32 <./non_chameleon.jpg>] [33]
Overfull \hbox (2.5598pt too wide) in paragraph at lines 948--949
\OT1/cmss/m/sl/10.95 and we can con-clude that $J[]\OT1/cmss/m/n/10.95 ([][], [
][]) \OML/cmm/m/it/10.95 < [][][][][] \OT1/cmss/m/n/10.95 + [][][][][] + \OT1/c
mss/m/sl/10.95 J[]\OT1/cmss/m/n/10.95 ([][]([][]), [][]([][])) = \OT1/cmss/m/sl
/10.95 J[]\OT1/cmss/m/n/10.95 ([][]([][]), [][]([][]))$\OT1/cmss/m/sl/10.95 ,
 []

[34] <MIQP_trajectory.jpg, id=640, 1059.96pt x 794.97pt>
File: MIQP_trajectory.jpg Graphic file (type jpg)

<use MIQP_trajectory.jpg>
Package pdftex.def Info: MIQP_trajectory.jpg used on input line 989.
(pdftex.def)             Requested size: 369.88582pt x 277.41881pt.
 [35]
<chameleon.jpg, id=649, 1861.95625pt x 1004.75375pt>
File: chameleon.jpg Graphic file (type jpg)
 <use chameleon.jpg>
Package pdftex.def Info: chameleon.jpg used on input line 998.
(pdftex.def)             Requested size: 455.24408pt x 245.65323pt.

<general_trajectory_frank_modes_long_horizon.jpg, id=650, 1059.96pt x 794.97pt>
File: general_trajectory_frank_modes_long_horizon.jpg Graphic file (type jpg)
<use general_trajectory_frank_modes_long_horizon.jpg>
Package pdftex.def Info: general_trajectory_frank_modes_long_horizon.jpg used o
n input line 1006.
(pdftex.def)             Requested size: 338.58632pt x 253.93465pt.


Package caption Warning: The option `hypcap=true' will be ignored for this
(caption)                particular \caption on input line 1007.
See the caption package documentation for explanation.

<original_general_trajectory_short_horizon.jpg, id=651, 1059.96pt x 794.97pt>
File: original_general_trajectory_short_horizon.jpg Graphic file (type jpg)

<use original_general_trajectory_short_horizon.jpg>
Package pdftex.def Info: original_general_trajectory_short_horizon.jpg used on 
input line 1010.
(pdftex.def)             Requested size: 338.58632pt x 253.93465pt.


Package caption Warning: The option `hypcap=true' will be ignored for this
(caption)                particular \caption on input line 1012.
See the caption package documentation for explanation.


Overfull \hbox (17.0pt too wide) in paragraph at lines 1005--1014
[]$[]$
 []


Underfull \vbox (badness 10000) has occurred while \output is active []

 [36 <./MIQP_trajectory.jpg>]
Underfull \vbox (badness 10000) has occurred while \output is active []

 [37 <./chameleon.jpg> <./general_trajectory_frank_modes_long_horizon.jpg>] [38
 <./original_general_trajectory_short_horizon.jpg>] [39] [40]
<hist_pre_std.jpg, id=688, 1861.95625pt x 1004.75375pt>
File: hist_pre_std.jpg Graphic file (type jpg)
 <use hist_pre_std.jpg>
Package pdftex.def Info: hist_pre_std.jpg used on input line 1081.
(pdftex.def)             Requested size: 455.24408pt x 245.65323pt.

<hist_after_std.jpg, id=689, 1861.95625pt x 1004.75375pt>
File: hist_after_std.jpg Graphic file (type jpg)

<use hist_after_std.jpg>
Package pdftex.def Info: hist_after_std.jpg used on input line 1090.
(pdftex.def)             Requested size: 455.24408pt x 245.65323pt.
 [41]

LaTeX Warning: Text page 42 contains only floats.

[42 <./hist_pre_std.jpg> <./hist_after_std.jpg>]
<cost_over_modes.jpg, id=708, 1861.95625pt x 1004.75375pt>
File: cost_over_modes.jpg Graphic file (type jpg)

<use cost_over_modes.jpg>
Package pdftex.def Info: cost_over_modes.jpg used on input line 1107.
(pdftex.def)             Requested size: 455.24408pt x 245.65323pt.

<learning_straight.jpg, id=709, 1861.95625pt x 1004.75375pt>
File: learning_straight.jpg Graphic file (type jpg)

<use learning_straight.jpg>
Package pdftex.def Info: learning_straight.jpg used on input line 1118.
(pdftex.def)             Requested size: 455.24408pt x 245.65323pt.

<learning_straight_original.jpg, id=710, 1059.96pt x 794.97pt>
File: learning_straight_original.jpg Graphic file (type jpg)

<use learning_straight_original.jpg>
Package pdftex.def Info: learning_straight_original.jpg used on input line 1127
.
(pdftex.def)             Requested size: 217.66211pt x 163.23677pt.

<learning_straight_3_modes.jpg, id=711, 1059.96pt x 794.97pt>
File: learning_straight_3_modes.jpg Graphic file (type jpg)

<use learning_straight_3_modes.jpg>
Package pdftex.def Info: learning_straight_3_modes.jpg used on input line 1132.

(pdftex.def)             Requested size: 241.84843pt x 181.38362pt.
 [43 <./cost_over_modes.jpg>]

LaTeX Warning: Reference `cost_over_modes' on page 44 undefined on input line 1
141.

<old_vs_new_circle_interior.jpg, id=717, 1861.95625pt x 1004.75375pt>
File: old_vs_new_circle_interior.jpg Graphic file (type jpg)

<use old_vs_new_circle_interior.jpg>
Package pdftex.def Info: old_vs_new_circle_interior.jpg used on input line 1147
.
(pdftex.def)             Requested size: 455.24408pt x 245.65323pt.

<frank_modes_circle_internal.jpg, id=720, 1059.96pt x 794.97pt>
File: frank_modes_circle_internal.jpg Graphic file (type jpg)

<use frank_modes_circle_internal.jpg>
Package pdftex.def Info: frank_modes_circle_internal.jpg used on input line 115
6.
(pdftex.def)             Requested size: 241.84843pt x 181.38362pt.

<best_3_modes_circle_interior.jpg, id=721, 1059.96pt x 794.97pt>
File: best_3_modes_circle_interior.jpg Graphic file (type jpg)

<use best_3_modes_circle_interior.jpg>
Package pdftex.def Info: best_3_modes_circle_interior.jpg used on input line 11
61.
(pdftex.def)             Requested size: 241.84843pt x 181.38362pt.
 [44 <./learning_straight.jpg>]
Underfull \vbox (badness 1253) has occurred while \output is active []

 [45 <./learning_straight_original.jpg> <./learning_straight_3_modes.jpg> <./ol
d_vs_new_circle_interior.jpg>] [46 <./frank_modes_circle_internal.jpg> <./best_
3_modes_circle_interior.jpg>]

Package caption Warning: \label without proper \caption on input line 1208.
See the caption package documentation for explanation.


LaTeX Warning: Reference `fig:dfom_trajectory_short_horizon' on page 47 undefin
ed on input line 1190.

<dfom_trajectory_long_horizon.jpg, id=742, 1059.96pt x 794.97pt>
File: dfom_trajectory_long_horizon.jpg Graphic file (type jpg)

<use dfom_trajectory_long_horizon.jpg>
Package pdftex.def Info: dfom_trajectory_long_horizon.jpg used on input line 12
02.
(pdftex.def)             Requested size: 338.58632pt x 253.93465pt.

<dfom_trajectory_short_horizon_15_steps.jpg, id=743, 1059.96pt x 794.97pt>
File: dfom_trajectory_short_horizon_15_steps.jpg Graphic file (type jpg)

<use dfom_trajectory_short_horizon_15_steps.jpg>
Package pdftex.def Info: dfom_trajectory_short_horizon_15_steps.jpg used on inp
ut line 1207.
(pdftex.def)             Requested size: 338.58632pt x 253.93465pt.
 [47] [48 <./dfom_trajectory_long_horizon.jpg> <./dfom_trajectory_short_horizon
_15_steps.jpg>]
(./TFGEudaldRomo.bbl
Missing character: There is no ‚ in font cmssi10!
Missing character: There is no Ä in font cmssi10!
Missing character: There is no ô in font cmssi10!
Missing character: There is no ‚ in font cmssi10!
Missing character: There is no Ä in font cmssi10!
Missing character: There is no ô in font cmssi10!
 [49]) [50] 
AED: lastpage setting LastPage
[51]
Package atveryend Info: Empty hook `BeforeClearDocument' on input line 1238.
Package atveryend Info: Empty hook `AfterLastShipout' on input line 1238.
 (./TFGEudaldRomo.aux)
Package atveryend Info: Executing hook `AtVeryEndDocument' on input line 1238.
Package atveryend Info: Executing hook `AtEndAfterFileList' on input line 1238.

Package rerunfilecheck Info: File `TFGEudaldRomo.out' has not changed.
(rerunfilecheck)             Checksum: 8B7F322CCAE7E37E479A792473A356B0;2244.


LaTeX Font Warning: Some font shapes were not available, defaults substituted.


LaTeX Warning: There were undefined references.


LaTeX Warning: There were multiply-defined labels.

Package atveryend Info: Empty hook `AtVeryVeryEnd' on input line 1238.
 ) 
Here is how much of TeX's memory you used:
 12889 strings out of 494985
 181134 string characters out of 6180356
 344223 words of memory out of 5000000
 15629 multiletter control sequences out of 15000+600000
 21537 words of font info for 82 fonts, out of 8000000 for 9000
 36 hyphenation exceptions out of 8191
 36i,15n,45p,3245b,493s stack positions out of 5000i,500n,10000p,200000b,80000s
</usr/share/texlive/texmf-dist/fonts/type1/public/amsfonts/cm/cmex10.pfb></us
r/share/texlive/texmf-dist/fonts/type1/public/amsfonts/cmextra/cmex8.pfb></usr/
share/texlive/texmf-dist/fonts/type1/public/amsfonts/cm/cmmi10.pfb></usr/share/
texlive/texmf-dist/fonts/type1/public/amsfonts/cm/cmmi12.pfb></usr/share/texliv
e/texmf-dist/fonts/type1/public/amsfonts/cm/cmmi8.pfb></usr/share/texlive/texmf
-dist/fonts/type1/public/amsfonts/cm/cmmib10.pfb></usr/share/texlive/texmf-dist
/fonts/type1/public/amsfonts/cm/cmr12.pfb></usr/share/texlive/texmf-dist/fonts/
type1/public/amsfonts/cm/cmr17.pfb></usr/share/texlive/texmf-dist/fonts/type1/p
ublic/amsfonts/cm/cmss10.pfb></usr/share/texlive/texmf-dist/fonts/type1/public/
amsfonts/cm/cmss12.pfb></usr/share/texlive/texmf-dist/fonts/type1/public/amsfon
ts/cm/cmss17.pfb></usr/share/texlive/texmf-dist/fonts/type1/public/amsfonts/cm/
cmss8.pfb></usr/share/texlive/texmf-dist/fonts/type1/public/amsfonts/cm/cmssbx1
0.pfb></usr/share/texlive/texmf-dist/fonts/type1/public/amsfonts/cm/cmssi10.pfb
></usr/share/texlive/texmf-dist/fonts/type1/public/amsfonts/cm/cmssi8.pfb></usr
/share/texlive/texmf-dist/fonts/type1/public/amsfonts/cm/cmsy10.pfb></usr/share
/texlive/texmf-dist/fonts/type1/public/amsfonts/cm/cmsy6.pfb></usr/share/texliv
e/texmf-dist/fonts/type1/public/amsfonts/cm/cmsy8.pfb></usr/share/texlive/texmf
-dist/fonts/type1/public/amsfonts/cm/cmtt10.pfb></usr/share/texlive/texmf-dist/
fonts/type1/public/amsfonts/symbols/msbm10.pfb>
Output written on TFGEudaldRomo.pdf (55 pages, 2256672 bytes).
PDF statistics:
 880 PDF objects out of 1000 (max. 8388607)
 734 compressed objects within 8 object streams
 232 named destinations out of 1000 (max. 500000)
 402 words of extra memory for PDF output out of 10000 (max. 10000000)

